[2026-06-29 22:35:52] ROLE: nurse | ACTION: FETCH | OBJ: siringa_1ml | BATCH: B6 | QTY: 2 | STATUS: SUCCESS | DETAILS: 
[2026-06-29 22:35:53] ROLE: nurse | ACTION: FETCH | OBJ: paracetamol | BATCH: B11 | QTY: 1 | STATUS: SUCCESS | DETAILS: 
[2026-06-29 22:36:42] ROLE: nurse | ACTION: FETCH | OBJ: siringa_1ml | BATCH: B6 | QTY: 2 | STATUS: SUCCESS | DETAILS: 
[2026-06-29 22:36:42] ROLE: nurse | ACTION: FETCH | OBJ: paracetamol | BATCH: B11 | QTY: 1 | STATUS: SUCCESS | DETAILS: 
[2026-06-29 22:36:43] ROLE: nurse | ACTION: FETCH | OBJ: antibiotic | BATCH: B15 | QTY: 1 | STATUS: SUCCESS | DETAILS: 
[2026-06-29 22:36:45] ROLE: nurse | ACTION: FETCH | OBJ: sphygmo | BATCH: EQ1 | QTY: 1 | STATUS: SUCCESS | DETAILS: 
[2026-06-29 22:36:45] ROLE: nurse | ACTION: FETCH | OBJ: siringa_1ml | BATCH: B6 | QTY: 1 | STATUS: SUCCESS | DETAILS: 
[2026-06-29 22:41:16] ROLE: doctor | ACTION: GIVE | OBJ: gaza_5x5 | BATCH: B1 | QTY: 1 | STATUS: SUCCESS | DETAILS: 
[2026-06-29 22:41:34] ROLE: doctor | ACTION: GIVE | OBJ: gaza_5x5 | BATCH: B1 | QTY: 1 | STATUS: SUCCESS | DETAILS: 
[2026-06-29 22:50:10] ROLE: doctor | ACTION: FETCH | OBJ: gaza_5x5 | BATCH: B1 | QTY: 1 | STATUS: SUCCESS | DETAILS: 
[2026-06-29 22:50:28] ROLE: doctor | ACTION: GIVE | OBJ: gaza_5x5 | BATCH: B1 | QTY: 1 | STATUS: SUCCESS | DETAILS: 
[2026-06-29 22:56:33] ROLE: nurse | ACTION: FETCH | OBJ: gaza_5x5 | BATCH: B2 | QTY: 1 | STATUS: SUCCESS | DETAILS: 
[2026-06-29 22:56:34] ROLE: nurse | ACTION: GIVE | OBJ: gaza_5x5 | BATCH: B2 | QTY: 1 | STATUS: SUCCESS | DETAILS: 
[2026-06-29 23:09:14] ROLE: nurse | ACTION: FETCH | OBJ: gaza_5x5 | BATCH: B2 | QTY: 1.0 | STATUS: SUCCESS | DETAILS: 
[2026-06-29 23:11:10] ROLE: nurse | ACTION: FETCH | OBJ: gaza_5x5 | BATCH: B2 | QTY: 1.0 | STATUS: SUCCESS | DETAILS: 
[2026-06-29 23:12:06] ROLE: nurse | ACTION: FETCH | OBJ: gaza_5x5 | BATCH: B2 | QTY: 1.0 | STATUS: SUCCESS | DETAILS: 
[2026-06-29 23:12:18] ROLE: nurse | ACTION: FETCH | OBJ: paracetamol | BATCH: B11 | QTY: 1.0 | STATUS: SUCCESS | DETAILS: 
[2026-06-30 00:10:08] ROLE: nurse | ACTION: FETCH | OBJ: siringa_1ml | BATCH: B6 | QTY: 2.0 | STATUS: SUCCESS | DETAILS: 
[2026-06-30 00:10:08] ROLE: nurse | ACTION: FETCH | OBJ: gaza_5x5 | BATCH: B2 | QTY: 1.0 | STATUS: SUCCESS | DETAILS: 
[2026-06-30 00:11:58] ROLE: nurse | ACTION: FETCH | OBJ: gaza_5x5 | BATCH: B2 | QTY: 1.0 | STATUS: SUCCESS | DETAILS: 
[2026-06-30 00:12:02] ROLE: nurse | ACTION: FETCH | OBJ: gaza_5x5 | BATCH: B2 | QTY: 1.0 | STATUS: SUCCESS | DETAILS: 
[2026-06-30 00:12:03] ROLE: nurse | ACTION: FETCH | OBJ: paracetamol | BATCH: B11 | QTY: 1.0 | STATUS: SUCCESS | DETAILS: 
[2026-06-30 00:12:03] ROLE: nurse | ACTION: FETCH | OBJ: paracetamol | BATCH: B11 | QTY: 1.0 | STATUS: SUCCESS | DETAILS: 
[2026-06-30 00:12:03] ROLE: nurse | ACTION: FETCH | OBJ: gaza_5x5 | BATCH: B2 | QTY: 1.0 | STATUS: SUCCESS | DETAILS: 
[2026-06-30 00:12:03] ROLE: nurse | ACTION: FETCH | OBJ: gaza_5x5 | BATCH: B2 | QTY: 2.0 | STATUS: SUCCESS | DETAILS: 
[2026-06-30 00:12:04] ROLE: nurse | ACTION: FETCH | OBJ: siringa_1ml | BATCH: B6 | QTY: 2.0 | STATUS: SUCCESS | DETAILS: 
[2026-06-30 00:12:04] ROLE: nurse | ACTION: FETCH | OBJ: gaza_5x5 | BATCH: B2 | QTY: 1.0 | STATUS: SUCCESS | DETAILS: 
[2026-06-30 00:15:01] ROLE: nurse | ACTION: FETCH | OBJ: gaza_5x5 | BATCH: B2 | QTY: 2.0 | STATUS: SUCCESS | DETAILS: 
[2026-06-30 00:15:01] ROLE: nurse | ACTION: FETCH | OBJ: gaza_5x5 | BATCH: B2 | QTY: 1.0 | STATUS: SUCCESS | DETAILS: 
[2026-06-30 00:15:02] ROLE: nurse | ACTION: FETCH | OBJ: siringa_1ml | BATCH: B6 | QTY: 3.0 | STATUS: SUCCESS | DETAILS: 
[2026-06-30 00:15:04] ROLE: nurse | ACTION: FETCH | OBJ: gaza_5x5 | BATCH: B2 | QTY: 1.0 | STATUS: SUCCESS | DETAILS: 
[2026-06-30 00:15:05] ROLE: nurse | ACTION: FETCH | OBJ: gaza_5x5 | BATCH: B2 | QTY: 1.0 | STATUS: SUCCESS | DETAILS: 
[2026-06-30 00:15:06] ROLE: nurse | ACTION: FETCH | OBJ: paracetamol | BATCH: B11 | QTY: 1.0 | STATUS: SUCCESS | DETAILS: 
[2026-06-30 00:15:06] ROLE: nurse | ACTION: FETCH | OBJ: gaza_5x5 | BATCH: B2 | QTY: 1.0 | STATUS: SUCCESS | DETAILS: 
[2026-06-30 00:15:06] ROLE: nurse | ACTION: FETCH | OBJ: gaza_5x5 | BATCH: B2 | QTY: 2.0 | STATUS: SUCCESS | DETAILS: 
[2026-06-30 00:15:07] ROLE: nurse | ACTION: FETCH | OBJ: siringa_1ml | BATCH: B6 | QTY: 2.0 | STATUS: SUCCESS | DETAILS: 
[2026-06-30 00:15:07] ROLE: nurse | ACTION: FETCH | OBJ: gaza_5x5 | BATCH: B2 | QTY: 1.0 | STATUS: SUCCESS | DETAILS: 
[2026-06-30 00:18:28] ROLE: nurse | ACTION: FETCH | OBJ: gaza_5x5 | BATCH: B2 | QTY: 2.0 | STATUS: SUCCESS | DETAILS: 
[2026-06-30 00:18:28] ROLE: nurse | ACTION: FETCH | OBJ: gaza_5x5 | BATCH: B2 | QTY: 1.0 | STATUS: SUCCESS | DETAILS: 
[2026-06-30 00:18:29] ROLE: nurse | ACTION: FETCH | OBJ: siringa_1ml | BATCH: B6 | QTY: 3.0 | STATUS: SUCCESS | DETAILS: 
[2026-06-30 00:18:31] ROLE: nurse | ACTION: FETCH | OBJ: gaza_5x5 | BATCH: B2 | QTY: 1.0 | STATUS: SUCCESS | DETAILS: 
[2026-06-30 00:18:31] ROLE: nurse | ACTION: FETCH | OBJ: gaza_5x5 | BATCH: B2 | QTY: 1.0 | STATUS: SUCCESS | DETAILS: 
[2026-06-30 00:18:32] ROLE: nurse | ACTION: FETCH | OBJ: paracetamol | BATCH: B11 | QTY: 1.0 | STATUS: SUCCESS | DETAILS: 
[2026-06-30 00:18:32] ROLE: nurse | ACTION: FETCH | OBJ: paracetamol | BATCH: B11 | QTY: 1.0 | STATUS: SUCCESS | DETAILS: 
[2026-06-30 00:18:33] ROLE: nurse | ACTION: FETCH | OBJ: gaza_5x5 | BATCH: B2 | QTY: 1.0 | STATUS: SUCCESS | DETAILS: 
[2026-06-30 00:18:33] ROLE: nurse | ACTION: FETCH | OBJ: gaza_5x5 | BATCH: B2 | QTY: 2.0 | STATUS: SUCCESS | DETAILS: 
[2026-06-30 00:18:33] ROLE: nurse | ACTION: FETCH | OBJ: siringa_1ml | BATCH: B6 | QTY: 2.0 | STATUS: SUCCESS | DETAILS: 
[2026-06-30 00:18:34] ROLE: nurse | ACTION: FETCH | OBJ: gaza_5x5 | BATCH: B2 | QTY: 1.0 | STATUS: SUCCESS | DETAILS: 
[2026-06-30 00:23:13] ROLE: pharmacist | ACTION: FETCH | OBJ: gaza_5x5 | BATCH: B2 | QTY: 1.0 | STATUS: SUCCESS | DETAILS: 
[2026-06-30 00:24:08] ROLE: doctor | ACTION: FETCH | OBJ: morphine | BATCH: B16 | QTY: 1.0 | STATUS: SUCCESS | DETAILS: 
[2026-06-30 00:24:29] ROLE: doctor | ACTION: FETCH | OBJ: morphine | BATCH: B16 | QTY: 1.0 | STATUS: SUCCESS | DETAILS: 
[2026-07-02 01:03:15] ROLE: nurse | ACTION: FETCH | OBJ: gaza_5x5 | BATCH: B1 | QTY: 1.0 | STATUS: SUCCESS | DETAILS: 
[2026-07-02 01:03:41] ROLE: nurse | ACTION: FETCH | OBJ: morphine | BATCH: B16 | QTY: 1.0 | STATUS: SUCCESS | DETAILS: 
[2026-07-03 17:12:54] ROLE: nurse | ACTION: FETCH | OBJ: siringa_1ml | BATCH: B6 | QTY: 1 | STATUS: SUCCESS | DETAILS: 
[2026-07-03 17:12:54] ROLE: nurse | ACTION: FETCH | OBJ: thermo | BATCH: EQ4 | QTY: 1 | STATUS: SUCCESS | DETAILS: 
[2026-07-03 17:14:02] ROLE: nurse | ACTION: FETCH | OBJ: siringa_1ml | BATCH: B6 | QTY: 1 | STATUS: SUCCESS | DETAILS: 
[2026-07-03 17:14:02] ROLE: nurse | ACTION: FETCH | OBJ: thermo | BATCH: EQ4 | QTY: 1 | STATUS: SUCCESS | DETAILS: 
[2026-07-03 17:31:26] ROLE: doctor | ACTION: FETCH | OBJ: siringa_1ml | BATCH: B6 | QTY: 2.0 | STATUS: SUCCESS | DETAILS: 
